[program, reserved, True, b:24, s:0, ],
[teste, id, ],
[;, delimiter, ],
[var, reserved, ],
[entrada, id, ],
[,, delimiter, ],
[lenght, id, ],
[,, delimiter, ],
[aux, id, ],
[,, delimiter, ],
[count, id, ],
[,, delimiter, ],
[pot, id, ],
[,, delimiter, ],
[output, id, ],
[:, delimiter, ],
[integer, reserved, ],
[;, delimiter, ],
[isover, id, ],
[,, delimiter, ],
[print, id, ],
[:, delimiter, ],
[boolean, reserved, ],
[;, delimiter, ],
[begin, reserved, ],
[read, reserved, ],
[(, delimiter, ],
[entrada, id, ],
[), delimiter, ],
[;, delimiter, ],
[aux, id, ],
[:=, attribution, ],
[0, intnum, ],
[;, delimiter, ],
[isover, id, ],
[:=, attribution, ],
[0, intnum, ],
[;, delimiter, ],
[print, id, ],
[:=, attribution, ],
[1, intnum, ],
[;, delimiter, ],
[while, reserved, True, b:129, s:42, ],
[(, delimiter, ],
[not, boolean2, ],
[isover, id, ],
[and, boolean1, ],
[print, id, ],
[), delimiter, ],
[do, reserved, ],
[begin, reserved, ],
[lenght, id, ],
[:=, attribution, ],
[0, intnum, ],
[;, delimiter, ],
[output, id, ],
[:=, attribution, ],
[0, intnum, ],
[;, delimiter, ],
[repeat, reserved, False, b:-1, s:59, ],
[pot, id, ],
[:=, attribution, ],
[1, intnum, ],
[;, delimiter, ],
[for, reserved, False, b:81, s:64, ],
[count, id, ],
[:=, attribution, ],
[0, intnum, ],
[to, reserved, True, b:80, s:65, True, b:80, s:65, True, b:80, s:65, True, b:80, s:65, True, b:80, s:65, True, b:80, s:65, True, b:80, s:65, True, b:80, s:65, True, b:80, s:65, True, b:80, s:65, True, b:80, s:65, True, b:80, s:65, True, b:80, s:65, True, b:80, s:65, True, b:80, s:65, ],
[lenght, id, ],
[-, operador, ],
[1, intnum, ],
[do, reserved, ],
[begin, reserved, ],
[pot, id, ],
[:=, attribution, ],
[pot, id, ],
[*, operador, ],
[10, intnum, ],
[;, delimiter, ],
[end, reserved, True, b:68, s:81, ],
[;, delimiter, ],
[output, id, ],
[:=, attribution, ],
[pot, id, ],
[*, operador, ],
[entrada, id, ],
[+, operador, ],
[output, id, ],
[;, delimiter, ],
[lenght, id, ],
[:=, attribution, ],
[lenght, id, ],
[+, operador, ],
[1, intnum, ],
[;, delimiter, ],
[until, reserved, False, b:59, s:96, ],
[(, delimiter, ],
[lenght, id, ],
[>, relacao, ],
[aux, id, ],
[), delimiter, ],
[;, delimiter, ],
[write, reserved, ],
[(, delimiter, ],
[output, id, ],
[), delimiter, ],
[;, delimiter, ],
[aux, id, ],
[:=, attribution, ],
[aux, id, ],
[+, operador, ],
[1, intnum, ],
[;, delimiter, ],
[if, reserved, True, b:126, s:115, ],
[(, delimiter, ],
[aux, id, ],
[>=, relacao, ],
[entrada, id, ],
[), delimiter, ],
[then, reserved, ],
[begin, reserved, ],
[isover, id, ],
[:=, attribution, ],
[1, intnum, ],
[;, delimiter, ],
[end, reserved, False, b:-1, s:127, ],
[;, delimiter, ],
[end, reserved, True, b:42, s:129, ],
[;, delimiter, ],
[end, reserved, False, b:-1, s:131, ],
[., delimiter, ],
[$, end, ],
